<?xml version="1.0" encoding="UTF-8"?>
<!-- Generated by org.testng.reporters.JUnitXMLReporter -->
<testsuite hostname="CMLPT362" ignored="4" name="Default test" tests="1" failures="0" timestamp="2020-07-15T10:55:07 IST" time="17.595" errors="0">
  <testcase name="createEqpOrder" time="16.966" classname="Runner.EquipmentOrder_TestCases"/>
  <testcase name="getOrderDetails" time="0.0" classname="Runner.EquipmentOrder_TestCases">
    <ignored/>
  </testcase> <!-- getOrderDetails -->
  <testcase name="listOfEO" time="0.0" classname="Runner.EquipmentOrder_TestCases">
    <ignored/>
  </testcase> <!-- listOfEO -->
  <testcase name="cancelEO" time="0.0" classname="Runner.EquipmentOrder_TestCases">
    <ignored/>
  </testcase> <!-- cancelEO -->
  <testcase name="editEqpOrder" time="0.0" classname="Runner.EquipmentOrder_TestCases">
    <ignored/>
  </testcase> <!-- editEqpOrder -->
</testsuite> <!-- Default test -->
