<?xml version="1.0" encoding="UTF-8"?>
<testng-results skipped="0" failed="0" ignored="4" total="5" passed="1">
  <reporter-output>
  </reporter-output>
  <suite name="Default suite" duration-ms="17595" started-at="2020-07-15T10:54:50 IST" finished-at="2020-07-15T10:55:07 IST">
    <groups>
    </groups>
    <test name="Default test" duration-ms="17595" started-at="2020-07-15T10:54:50 IST" finished-at="2020-07-15T10:55:07 IST">
      <class name="Runner.EquipmentOrder_TestCases">
        <test-method status="PASS" signature="generateAuthToken()[pri:0, instance:Runner.EquipmentOrder_TestCases@7113b13f]" name="generateAuthToken" is-config="true" duration-ms="5698" started-at="2020-07-15T10:54:44 IST" finished-at="2020-07-15T10:54:50 IST">
          <reporter-output>
          </reporter-output>
        </test-method> <!-- generateAuthToken -->
        <test-method status="PASS" signature="dataSetUp()[pri:0, instance:Runner.EquipmentOrder_TestCases@7113b13f]" name="dataSetUp" is-config="true" duration-ms="599" started-at="2020-07-15T10:54:50 IST" finished-at="2020-07-15T10:54:50 IST">
          <reporter-output>
          </reporter-output>
        </test-method> <!-- dataSetUp -->
        <test-method status="PASS" signature="createEqpOrder()[pri:0, instance:Runner.EquipmentOrder_TestCases@7113b13f]" name="createEqpOrder" duration-ms="16966" started-at="2020-07-15T10:54:50 IST" finished-at="2020-07-15T10:55:07 IST">
          <reporter-output>
          </reporter-output>
        </test-method> <!-- createEqpOrder -->
        <test-method status="PASS" signature="afterMethod(org.testng.ITestResult)[pri:0, instance:Runner.EquipmentOrder_TestCases@7113b13f]" name="afterMethod" is-config="true" duration-ms="2" started-at="2020-07-15T10:55:07 IST" finished-at="2020-07-15T10:55:07 IST">
          <params>
            <param index="0">
              <value>
                <![CDATA[[TestResult name=createEqpOrder status=SUCCESS method=EquipmentOrder_TestCases.createEqpOrder()[pri:0, instance:Runner.EquipmentOrder_TestCases@7113b13f] output={null}]]]>
              </value>
            </param>
          </params>
          <reporter-output>
          </reporter-output>
        </test-method> <!-- afterMethod -->
        <test-method status="PASS" signature="afterSuite()[pri:0, instance:Runner.EquipmentOrder_TestCases@7113b13f]" name="afterSuite" is-config="true" duration-ms="8415" started-at="2020-07-15T10:55:07 IST" finished-at="2020-07-15T10:55:16 IST">
          <reporter-output>
          </reporter-output>
        </test-method> <!-- afterSuite -->
      </class> <!-- Runner.EquipmentOrder_TestCases -->
    </test> <!-- Default test -->
  </suite> <!-- Default suite -->
</testng-results>
